<?xml version="1.0" encoding="UTF-8" ?>
<testsuites>
<testsuite name="Validate auth.js" errors="0" tests="3" failures="0" time="0.107" timestamp="2021-11-18T11:13:23">
  <testcase classname="Validate auth.js" name="register new user" time="0.015"></testcase>
  <testcase classname="Validate auth.js" name="login user" time="0.076"></testcase>
  <testcase classname="Validate auth.js" name="logout user" time="0.015"></testcase>
</testsuite>
</testsuites>